1672764290.311095 client started (5642): version 3.2a, socket /tmp/tmux-1000/default, protocol 8
1672764290.311140 on Linux 5.15.79.1-microsoft-standard-WSL2 #1 SMP Wed Nov 23 01:01:46 UTC 2022
1672764290.311149 using libevent 2.1.12-stable (poll); ncurses 6.3
1672764290.311165 flags are 0x18010000
1672764290.311172 socket is /tmp/tmux-1000/default
1672764290.311191 trying connect
1672764290.311213 connect failed: No such file or directory
1672764290.311225 lock file is /tmp/tmux-1000/default.lock
1672764290.311379 flock succeeded
1672764290.311388 got lock (6)
1672764290.311396 trying connect
1672764290.311406 connect failed: No such file or directory
1672764290.311896 add peer 0x55a15ce9f360: 7 ((nil))
1672764290.312736 sending message 100 to peer 0x55a15ce9f360 (4 bytes)
1672764290.312757 sending message 111 to peer 0x55a15ce9f360 (8 bytes)
1672764290.312762 sending message 101 to peer 0x55a15ce9f360 (15 bytes)
1672764290.312767 sending message 109 to peer 0x55a15ce9f360 (4 bytes)
1672764290.312771 sending message 102 to peer 0x55a15ce9f360 (11 bytes)
1672764290.312775 sending message 108 to peer 0x55a15ce9f360 (48 bytes)
1672764290.312780 sending message 112 to peer 0x55a15ce9f360 (58 bytes)
1672764290.312784 sending message 112 to peer 0x55a15ce9f360 (5 bytes)
1672764290.312789 sending message 112 to peer 0x55a15ce9f360 (5 bytes)
1672764290.312793 sending message 112 to peer 0x55a15ce9f360 (6 bytes)
1672764290.312798 sending message 112 to peer 0x55a15ce9f360 (6 bytes)
1672764290.312804 sending message 112 to peer 0x55a15ce9f360 (11 bytes)
1672764290.312810 sending message 112 to peer 0x55a15ce9f360 (10 bytes)
1672764290.312816 sending message 112 to peer 0x55a15ce9f360 (13 bytes)
1672764290.312822 sending message 112 to peer 0x55a15ce9f360 (14 bytes)
1672764290.312828 sending message 112 to peer 0x55a15ce9f360 (19 bytes)
1672764290.312835 sending message 112 to peer 0x55a15ce9f360 (11 bytes)
1672764290.312901 sending message 112 to peer 0x55a15ce9f360 (10 bytes)
1672764290.312918 sending message 112 to peer 0x55a15ce9f360 (15 bytes)
1672764290.312924 sending message 112 to peer 0x55a15ce9f360 (21 bytes)
1672764290.312930 sending message 112 to peer 0x55a15ce9f360 (13 bytes)
1672764290.312936 sending message 112 to peer 0x55a15ce9f360 (7 bytes)
1672764290.312942 sending message 112 to peer 0x55a15ce9f360 (13 bytes)
1672764290.312948 sending message 112 to peer 0x55a15ce9f360 (7 bytes)
1672764290.312954 sending message 112 to peer 0x55a15ce9f360 (13 bytes)
1672764290.312961 sending message 112 to peer 0x55a15ce9f360 (9 bytes)
1672764290.312967 sending message 112 to peer 0x55a15ce9f360 (21 bytes)
1672764290.312973 sending message 112 to peer 0x55a15ce9f360 (13 bytes)
1672764290.312979 sending message 112 to peer 0x55a15ce9f360 (9 bytes)
1672764290.312985 sending message 112 to peer 0x55a15ce9f360 (16 bytes)
1672764290.312991 sending message 112 to peer 0x55a15ce9f360 (13 bytes)
1672764290.312997 sending message 112 to peer 0x55a15ce9f360 (9 bytes)
1672764290.313003 sending message 112 to peer 0x55a15ce9f360 (9 bytes)
1672764290.313009 sending message 112 to peer 0x55a15ce9f360 (12 bytes)
1672764290.313016 sending message 112 to peer 0x55a15ce9f360 (8 bytes)
1672764290.313029 sending message 112 to peer 0x55a15ce9f360 (8 bytes)
1672764290.313041 sending message 112 to peer 0x55a15ce9f360 (13 bytes)
1672764290.313047 sending message 112 to peer 0x55a15ce9f360 (7 bytes)
1672764290.313053 sending message 112 to peer 0x55a15ce9f360 (7 bytes)
1672764290.313059 sending message 112 to peer 0x55a15ce9f360 (9 bytes)
1672764290.313066 sending message 112 to peer 0x55a15ce9f360 (9 bytes)
1672764290.313072 sending message 112 to peer 0x55a15ce9f360 (15 bytes)
1672764290.313079 sending message 112 to peer 0x55a15ce9f360 (13 bytes)
1672764290.313085 sending message 112 to peer 0x55a15ce9f360 (12 bytes)
1672764290.313092 sending message 112 to peer 0x55a15ce9f360 (8 bytes)
1672764290.313102 sending message 112 to peer 0x55a15ce9f360 (14 bytes)
1672764290.313116 sending message 112 to peer 0x55a15ce9f360 (11 bytes)
1672764290.313123 sending message 112 to peer 0x55a15ce9f360 (9 bytes)
1672764290.313144 sending message 112 to peer 0x55a15ce9f360 (10 bytes)
1672764290.313150 sending message 112 to peer 0x55a15ce9f360 (10 bytes)
1672764290.313156 sending message 112 to peer 0x55a15ce9f360 (10 bytes)
1672764290.313163 sending message 112 to peer 0x55a15ce9f360 (10 bytes)
1672764290.313169 sending message 112 to peer 0x55a15ce9f360 (11 bytes)
1672764290.313175 sending message 112 to peer 0x55a15ce9f360 (12 bytes)
1672764290.313181 sending message 112 to peer 0x55a15ce9f360 (12 bytes)
1672764290.313188 sending message 112 to peer 0x55a15ce9f360 (12 bytes)
1672764290.313195 sending message 112 to peer 0x55a15ce9f360 (12 bytes)
1672764290.313201 sending message 112 to peer 0x55a15ce9f360 (12 bytes)
1672764290.313208 sending message 112 to peer 0x55a15ce9f360 (11 bytes)
1672764290.313214 sending message 112 to peer 0x55a15ce9f360 (11 bytes)
1672764290.313221 sending message 112 to peer 0x55a15ce9f360 (12 bytes)
1672764290.313228 sending message 112 to peer 0x55a15ce9f360 (12 bytes)
1672764290.313234 sending message 112 to peer 0x55a15ce9f360 (12 bytes)
1672764290.313241 sending message 112 to peer 0x55a15ce9f360 (12 bytes)
1672764290.313247 sending message 112 to peer 0x55a15ce9f360 (12 bytes)
1672764290.313254 sending message 112 to peer 0x55a15ce9f360 (9 bytes)
1672764290.313260 sending message 112 to peer 0x55a15ce9f360 (12 bytes)
1672764290.313267 sending message 112 to peer 0x55a15ce9f360 (13 bytes)
1672764290.313273 sending message 112 to peer 0x55a15ce9f360 (13 bytes)
1672764290.313280 sending message 112 to peer 0x55a15ce9f360 (13 bytes)
1672764290.313287 sending message 112 to peer 0x55a15ce9f360 (13 bytes)
1672764290.313293 sending message 112 to peer 0x55a15ce9f360 (13 bytes)
1672764290.313300 sending message 112 to peer 0x55a15ce9f360 (8 bytes)
1672764290.313306 sending message 112 to peer 0x55a15ce9f360 (11 bytes)
1672764290.313313 sending message 112 to peer 0x55a15ce9f360 (11 bytes)
1672764290.313319 sending message 112 to peer 0x55a15ce9f360 (11 bytes)
1672764290.313326 sending message 112 to peer 0x55a15ce9f360 (12 bytes)
1672764290.313332 sending message 112 to peer 0x55a15ce9f360 (12 bytes)
1672764290.313339 sending message 112 to peer 0x55a15ce9f360 (12 bytes)
1672764290.313345 sending message 112 to peer 0x55a15ce9f360 (12 bytes)
1672764290.313352 sending message 112 to peer 0x55a15ce9f360 (13 bytes)
1672764290.313389 sending message 112 to peer 0x55a15ce9f360 (13 bytes)
1672764290.313395 sending message 112 to peer 0x55a15ce9f360 (13 bytes)
1672764290.313402 sending message 112 to peer 0x55a15ce9f360 (8 bytes)
1672764290.313410 sending message 112 to peer 0x55a15ce9f360 (13 bytes)
1672764290.313416 sending message 112 to peer 0x55a15ce9f360 (13 bytes)
1672764290.313423 sending message 112 to peer 0x55a15ce9f360 (13 bytes)
1672764290.313430 sending message 112 to peer 0x55a15ce9f360 (13 bytes)
1672764290.313436 sending message 112 to peer 0x55a15ce9f360 (13 bytes)
1672764290.313443 sending message 112 to peer 0x55a15ce9f360 (12 bytes)
1672764290.313449 sending message 112 to peer 0x55a15ce9f360 (12 bytes)
1672764290.313456 sending message 112 to peer 0x55a15ce9f360 (12 bytes)
1672764290.313462 sending message 112 to peer 0x55a15ce9f360 (12 bytes)
1672764290.313469 sending message 112 to peer 0x55a15ce9f360 (13 bytes)
1672764290.313475 sending message 112 to peer 0x55a15ce9f360 (8 bytes)
1672764290.313482 sending message 112 to peer 0x55a15ce9f360 (13 bytes)
1672764290.313488 sending message 112 to peer 0x55a15ce9f360 (13 bytes)
1672764290.313495 sending message 112 to peer 0x55a15ce9f360 (13 bytes)
1672764290.313501 sending message 112 to peer 0x55a15ce9f360 (13 bytes)
1672764290.313508 sending message 112 to peer 0x55a15ce9f360 (13 bytes)
1672764290.313514 sending message 112 to peer 0x55a15ce9f360 (13 bytes)
1672764290.313521 sending message 112 to peer 0x55a15ce9f360 (13 bytes)
1672764290.313527 sending message 112 to peer 0x55a15ce9f360 (12 bytes)
1672764290.313535 sending message 112 to peer 0x55a15ce9f360 (12 bytes)
1672764290.313541 sending message 112 to peer 0x55a15ce9f360 (12 bytes)
1672764290.313556 sending message 112 to peer 0x55a15ce9f360 (8 bytes)
1672764290.313563 sending message 112 to peer 0x55a15ce9f360 (12 bytes)
1672764290.313569 sending message 112 to peer 0x55a15ce9f360 (13 bytes)
1672764290.313576 sending message 112 to peer 0x55a15ce9f360 (13 bytes)
1672764290.313590 sending message 112 to peer 0x55a15ce9f360 (13 bytes)
1672764290.313600 sending message 112 to peer 0x55a15ce9f360 (13 bytes)
1672764290.313607 sending message 112 to peer 0x55a15ce9f360 (13 bytes)
1672764290.313613 sending message 112 to peer 0x55a15ce9f360 (13 bytes)
1672764290.313620 sending message 112 to peer 0x55a15ce9f360 (13 bytes)
1672764290.313626 sending message 112 to peer 0x55a15ce9f360 (13 bytes)
1672764290.313633 sending message 112 to peer 0x55a15ce9f360 (12 bytes)
1672764290.313639 sending message 112 to peer 0x55a15ce9f360 (10 bytes)
1672764290.313646 sending message 112 to peer 0x55a15ce9f360 (12 bytes)
1672764290.313659 sending message 112 to peer 0x55a15ce9f360 (12 bytes)
1672764290.313669 sending message 112 to peer 0x55a15ce9f360 (12 bytes)
1672764290.313675 sending message 112 to peer 0x55a15ce9f360 (13 bytes)
1672764290.313681 sending message 112 to peer 0x55a15ce9f360 (13 bytes)
1672764290.313687 sending message 112 to peer 0x55a15ce9f360 (13 bytes)
1672764290.313693 sending message 112 to peer 0x55a15ce9f360 (13 bytes)
1672764290.313700 sending message 112 to peer 0x55a15ce9f360 (13 bytes)
1672764290.313706 sending message 112 to peer 0x55a15ce9f360 (13 bytes)
1672764290.313712 sending message 112 to peer 0x55a15ce9f360 (13 bytes)
1672764290.313718 sending message 112 to peer 0x55a15ce9f360 (10 bytes)
1672764290.313724 sending message 112 to peer 0x55a15ce9f360 (13 bytes)
1672764290.313730 sending message 112 to peer 0x55a15ce9f360 (12 bytes)
1672764290.313736 sending message 112 to peer 0x55a15ce9f360 (12 bytes)
1672764290.313742 sending message 112 to peer 0x55a15ce9f360 (12 bytes)
1672764290.313749 sending message 112 to peer 0x55a15ce9f360 (10 bytes)
1672764290.313755 sending message 112 to peer 0x55a15ce9f360 (10 bytes)
1672764290.313760 sending message 112 to peer 0x55a15ce9f360 (10 bytes)
1672764290.313766 sending message 112 to peer 0x55a15ce9f360 (12 bytes)
1672764290.313772 sending message 112 to peer 0x55a15ce9f360 (13 bytes)
1672764290.313778 sending message 112 to peer 0x55a15ce9f360 (13 bytes)
1672764290.313783 sending message 112 to peer 0x55a15ce9f360 (13 bytes)
1672764290.313788 sending message 112 to peer 0x55a15ce9f360 (13 bytes)
1672764290.313794 sending message 112 to peer 0x55a15ce9f360 (13 bytes)
1672764290.313800 sending message 112 to peer 0x55a15ce9f360 (10 bytes)
1672764290.313805 sending message 112 to peer 0x55a15ce9f360 (11 bytes)
1672764290.313811 sending message 112 to peer 0x55a15ce9f360 (12 bytes)
1672764290.313816 sending message 112 to peer 0x55a15ce9f360 (12 bytes)
1672764290.313822 sending message 112 to peer 0x55a15ce9f360 (12 bytes)
1672764290.313828 sending message 112 to peer 0x55a15ce9f360 (12 bytes)
1672764290.313834 sending message 112 to peer 0x55a15ce9f360 (12 bytes)
1672764290.313839 sending message 112 to peer 0x55a15ce9f360 (11 bytes)
1672764290.313844 sending message 112 to peer 0x55a15ce9f360 (12 bytes)
1672764290.313850 sending message 112 to peer 0x55a15ce9f360 (12 bytes)
1672764290.313856 sending message 112 to peer 0x55a15ce9f360 (13 bytes)
1672764290.313862 sending message 112 to peer 0x55a15ce9f360 (13 bytes)
1672764290.313867 sending message 112 to peer 0x55a15ce9f360 (13 bytes)
1672764290.313873 sending message 112 to peer 0x55a15ce9f360 (13 bytes)
1672764290.313879 sending message 112 to peer 0x55a15ce9f360 (13 bytes)
1672764290.313885 sending message 112 to peer 0x55a15ce9f360 (10 bytes)
1672764290.313891 sending message 112 to peer 0x55a15ce9f360 (9 bytes)
1672764290.313897 sending message 112 to peer 0x55a15ce9f360 (12 bytes)
1672764290.313904 sending message 112 to peer 0x55a15ce9f360 (13 bytes)
1672764290.313910 sending message 112 to peer 0x55a15ce9f360 (13 bytes)
1672764290.313937 sending message 112 to peer 0x55a15ce9f360 (13 bytes)
1672764290.313961 sending message 112 to peer 0x55a15ce9f360 (13 bytes)
1672764290.313969 sending message 112 to peer 0x55a15ce9f360 (13 bytes)
1672764290.313976 sending message 112 to peer 0x55a15ce9f360 (9 bytes)
1672764290.313982 sending message 112 to peer 0x55a15ce9f360 (12 bytes)
1672764290.313988 sending message 112 to peer 0x55a15ce9f360 (13 bytes)
1672764290.313995 sending message 112 to peer 0x55a15ce9f360 (13 bytes)
1672764290.314001 sending message 112 to peer 0x55a15ce9f360 (13 bytes)
1672764290.314007 sending message 112 to peer 0x55a15ce9f360 (13 bytes)
1672764290.314013 sending message 112 to peer 0x55a15ce9f360 (13 bytes)
1672764290.314021 sending message 112 to peer 0x55a15ce9f360 (11 bytes)
1672764290.314028 sending message 112 to peer 0x55a15ce9f360 (12 bytes)
1672764290.314035 sending message 112 to peer 0x55a15ce9f360 (13 bytes)
1672764290.314042 sending message 112 to peer 0x55a15ce9f360 (13 bytes)
1672764290.314048 sending message 112 to peer 0x55a15ce9f360 (13 bytes)
1672764290.314054 sending message 112 to peer 0x55a15ce9f360 (13 bytes)
1672764290.314060 sending message 112 to peer 0x55a15ce9f360 (13 bytes)
1672764290.314066 sending message 112 to peer 0x55a15ce9f360 (11 bytes)
1672764290.314072 sending message 112 to peer 0x55a15ce9f360 (12 bytes)
1672764290.314078 sending message 112 to peer 0x55a15ce9f360 (12 bytes)
1672764290.314084 sending message 112 to peer 0x55a15ce9f360 (12 bytes)
1672764290.314089 sending message 112 to peer 0x55a15ce9f360 (12 bytes)
1672764290.314095 sending message 112 to peer 0x55a15ce9f360 (12 bytes)
1672764290.314101 sending message 112 to peer 0x55a15ce9f360 (21 bytes)
1672764290.314107 sending message 112 to peer 0x55a15ce9f360 (12 bytes)
1672764290.314113 sending message 112 to peer 0x55a15ce9f360 (9 bytes)
1672764290.314119 sending message 112 to peer 0x55a15ce9f360 (6 bytes)
1672764290.314124 sending message 112 to peer 0x55a15ce9f360 (13 bytes)
1672764290.314130 sending message 112 to peer 0x55a15ce9f360 (10 bytes)
1672764290.314136 sending message 112 to peer 0x55a15ce9f360 (24 bytes)
1672764290.314142 sending message 112 to peer 0x55a15ce9f360 (13 bytes)
1672764290.314148 sending message 112 to peer 0x55a15ce9f360 (9 bytes)
1672764290.314155 sending message 112 to peer 0x55a15ce9f360 (70 bytes)
1672764290.314161 sending message 112 to peer 0x55a15ce9f360 (69 bytes)
1672764290.314173 sending message 112 to peer 0x55a15ce9f360 (12 bytes)
1672764290.314180 sending message 112 to peer 0x55a15ce9f360 (10 bytes)
1672764290.314186 sending message 112 to peer 0x55a15ce9f360 (10 bytes)
1672764290.314191 sending message 112 to peer 0x55a15ce9f360 (24 bytes)
1672764290.314197 sending message 112 to peer 0x55a15ce9f360 (13 bytes)
1672764290.314204 sending message 112 to peer 0x55a15ce9f360 (10 bytes)
1672764290.314219 sending message 112 to peer 0x55a15ce9f360 (10 bytes)
1672764290.314225 sending message 112 to peer 0x55a15ce9f360 (10 bytes)
1672764290.314231 sending message 112 to peer 0x55a15ce9f360 (13 bytes)
1672764290.314237 sending message 112 to peer 0x55a15ce9f360 (15 bytes)
1672764290.314244 sending message 112 to peer 0x55a15ce9f360 (5 bytes)
1672764290.314252 sending message 104 to peer 0x55a15ce9f360 (0 bytes)
1672764290.314258 sending message 110 to peer 0x55a15ce9f360 (0 bytes)
1672764290.314267 sending message 107 to peer 0x55a15ce9f360 (4 bytes)
1672764290.314275 sending message 105 to peer 0x55a15ce9f360 (16 bytes)
1672764290.314281 sending message 105 to peer 0x55a15ce9f360 (24 bytes)
1672764290.314287 sending message 105 to peer 0x55a15ce9f360 (12 bytes)
1672764290.314291 sending message 105 to peer 0x55a15ce9f360 (23 bytes)
1672764290.314295 sending message 105 to peer 0x55a15ce9f360 (48 bytes)
1672764290.314300 sending message 105 to peer 0x55a15ce9f360 (21 bytes)
1672764290.314304 sending message 105 to peer 0x55a15ce9f360 (52 bytes)
1672764290.314308 sending message 105 to peer 0x55a15ce9f360 (14 bytes)
1672764290.314313 sending message 105 to peer 0x55a15ce9f360 (23 bytes)
1672764290.314317 sending message 105 to peer 0x55a15ce9f360 (17 bytes)
1672764290.314329 sending message 105 to peer 0x55a15ce9f360 (13 bytes)
1672764290.314333 sending message 105 to peer 0x55a15ce9f360 (31 bytes)
1672764290.314339 sending message 105 to peer 0x55a15ce9f360 (1519 bytes)
1672764290.314347 sending message 105 to peer 0x55a15ce9f360 (26 bytes)
1672764290.314351 sending message 105 to peer 0x55a15ce9f360 (28 bytes)
1672764290.314355 sending message 105 to peer 0x55a15ce9f360 (34 bytes)
1672764290.314360 sending message 105 to peer 0x55a15ce9f360 (20 bytes)
1672764290.314364 sending message 105 to peer 0x55a15ce9f360 (32 bytes)
1672764290.314368 sending message 105 to peer 0x55a15ce9f360 (11 bytes)
1672764290.314372 sending message 105 to peer 0x55a15ce9f360 (11 bytes)
1672764290.314378 sending message 105 to peer 0x55a15ce9f360 (8 bytes)
1672764290.314384 sending message 105 to peer 0x55a15ce9f360 (49 bytes)
1672764290.314390 sending message 105 to peer 0x55a15ce9f360 (38 bytes)
1672764290.314397 sending message 105 to peer 0x55a15ce9f360 (33 bytes)
1672764290.314403 sending message 105 to peer 0x55a15ce9f360 (65 bytes)
1672764290.314409 sending message 105 to peer 0x55a15ce9f360 (606 bytes)
1672764290.314416 sending message 105 to peer 0x55a15ce9f360 (16 bytes)
1672764290.314423 sending message 105 to peer 0x55a15ce9f360 (29 bytes)
1672764290.314431 sending message 105 to peer 0x55a15ce9f360 (35 bytes)
1672764290.314444 sending message 105 to peer 0x55a15ce9f360 (53 bytes)
1672764290.314454 sending message 105 to peer 0x55a15ce9f360 (16 bytes)
1672764290.314461 sending message 105 to peer 0x55a15ce9f360 (19 bytes)
1672764290.314467 sending message 106 to peer 0x55a15ce9f360 (0 bytes)
1672764290.314492 sending message 200 to peer 0x55a15ce9f360 (4 bytes)
1672764290.314567 client loop enter
1672764290.314897 client_signal: Child exited
1672764290.402626 peer 0x55a15ce9f360 message 207
1672764290.402691 sending message 208 to peer 0x55a15ce9f360 (0 bytes)
1672764300.469424 peer 0x55a15ce9f360 message 203
1672764300.469462 sending message 205 to peer 0x55a15ce9f360 (0 bytes)
1672764300.470339 peer 0x55a15ce9f360 message 204
1672764300.470358 client loop exit
